# JRE version: OpenJDK Runtime Environment Temurin-17.0.5+8 (17.0.5+8) (build 17.0.5+8)
# Java VM: OpenJDK 64-Bit Server VM Temurin-17.0.5+8 (17.0.5+8, mixed mode, emulated-client, tiered, compressed oops, compressed class ptrs, g1 gc, windows-amd64)
GC Precious Log:
 CPUs: 4 total, 4 available
 Memory: 4017M
 Large Page Support: Disabled
 NUMA Support: Disabled
 Compressed Oops: Enabled (32-bit)
 Heap Region Size: 1M
 Heap Min Capacity: 8M
 Heap Initial Capacity: 64M
 Heap Max Capacity: 1006M
 Pre-touch: Disabled
 Parallel Workers: 4
 Concurrent Workers: 1
 Concurrent Refinement Workers: 4
 Periodic GC: Disabled
Heap:
 garbage-first heap   total 477184K, used 162816K [0x00000000c1200000, 0x0000000100000000)
  region size 1024K, 11 young (11264K), 11 survivors (11264K)
 Metaspace       used 44426K, committed 44800K, reserved 1089536K
  class space    used 5711K, committed 5888K, reserved 1048576K
GC Heap History (20 events):
Event: 51184.110 GC heap after
{Heap after GC invocations=27 (full 0):
 garbage-first heap   total 314368K, used 87397K [0x00000000c1200000, 0x0000000100000000)
  region size 1024K, 11 young (11264K), 11 survivors (11264K)
 Metaspace       used 44288K, committed 44672K, reserved 1089536K
  class space    used 5700K, committed 5888K, reserved 1048576K
}
Event: 51184.603 GC heap before
{Heap before GC invocations=27 (full 0):
 garbage-first heap   total 314368K, used 161125K [0x00000000c1200000, 0x0000000100000000)
  region size 1024K, 84 young (86016K), 11 survivors (11264K)
 Metaspace       used 44288K, committed 44672K, reserved 1089536K
  class space    used 5700K, committed 5888K, reserved 1048576K
}
Event: 51184.640 GC heap after
{Heap after GC invocations=28 (full 0):
 garbage-first heap   total 314368K, used 90797K [0x00000000c1200000, 0x0000000100000000)
  region size 1024K, 9 young (9216K), 9 survivors (9216K)
 Metaspace       used 44288K, committed 44672K, reserved 1089536K
  class space    used 5700K, committed 5888K, reserved 1048576K
}
Event: 51185.411 GC heap before
{Heap before GC invocations=28 (full 0):
 garbage-first heap   total 314368K, used 246445K [0x00000000c1200000, 0x0000000100000000)
  region size 1024K, 162 young (165888K), 9 survivors (9216K)
 Metaspace       used 44288K, committed 44672K, reserved 1089536K
  class space    used 5701K, committed 5888K, reserved 1048576K
}
Event: 51185.653 GC heap after
{Heap after GC invocations=29 (full 0):
 garbage-first heap   total 314368K, used 96941K [0x00000000c1200000, 0x0000000100000000)
  region size 1024K, 15 young (15360K), 15 survivors (15360K)
 Metaspace       used 44288K, committed 44672K, reserved 1089536K
  class space    used 5701K, committed 5888K, reserved 1048576K
}
Event: 51185.764 GC heap before
{Heap before GC invocations=29 (full 0):
 garbage-first heap   total 314368K, used 128685K [0x00000000c1200000, 0x0000000100000000)
  region size 1024K, 47 young (48128K), 15 survivors (15360K)
 Metaspace       used 44288K, committed 44672K, reserved 1089536K
  class space    used 5701K, committed 5888K, reserved 1048576K
}
Event: 51185.813 GC heap after
{Heap after GC invocations=30 (full 0):
 garbage-first heap   total 314368K, used 98861K [0x00000000c1200000, 0x0000000100000000)
  region size 1024K, 3 young (3072K), 3 survivors (3072K)
 Metaspace       used 44288K, committed 44672K, reserved 1089536K
  class space    used 5701K, committed 5888K, reserved 1048576K
}
Event: 51186.464 GC heap before
{Heap before GC invocations=30 (full 0):
 garbage-first heap   total 314368K, used 251437K [0x00000000c1200000, 0x0000000100000000)
  region size 1024K, 153 young (156672K), 3 survivors (3072K)
 Metaspace       used 44288K, committed 44672K, reserved 1089536K
  class space    used 5701K, committed 5888K, reserved 1048576K
}
Event: 51186.480 GC heap after
{Heap after GC invocations=31 (full 0):
 garbage-first heap   total 477184K, used 104493K [0x00000000c1200000, 0x0000000100000000)
  region size 1024K, 8 young (8192K), 8 survivors (8192K)
 Metaspace       used 44288K, committed 44672K, reserved 1089536K
  class space    used 5701K, committed 5888K, reserved 1048576K
}
Event: 51187.587 GC heap before
{Heap before GC invocations=31 (full 0):
 garbage-first heap   total 477184K, used 324653K [0x00000000c1200000, 0x0000000100000000)
  region size 1024K, 224 young (229376K), 8 survivors (8192K)
 Metaspace       used 44288K, committed 44672K, reserved 1089536K
  class space    used 5701K, committed 5888K, reserved 1048576K
}
Event: 51187.637 GC heap after
{Heap after GC invocations=32 (full 0):
 garbage-first heap   total 477184K, used 112659K [0x00000000c1200000, 0x0000000100000000)
  region size 1024K, 16 young (16384K), 16 survivors (16384K)
 Metaspace       used 44288K, committed 44672K, reserved 1089536K
  class space    used 5701K, committed 5888K, reserved 1048576K
}
Event: 51188.019 GC heap before
{Heap before GC invocations=32 (full 0):
 garbage-first heap   total 477184K, used 321555K [0x00000000c1200000, 0x0000000100000000)
  region size 1024K, 221 young (226304K), 16 survivors (16384K)
 Metaspace       used 44288K, committed 44672K, reserved 1089536K
  class space    used 5701K, committed 5888K, reserved 1048576K
}
Event: 51188.075 GC heap after
{Heap after GC invocations=33 (full 0):
 garbage-first heap   total 477184K, used 121234K [0x00000000c1200000, 0x0000000100000000)
  region size 1024K, 23 young (23552K), 23 survivors (23552K)
 Metaspace       used 44288K, committed 44672K, reserved 1089536K
  class space    used 5701K, committed 5888K, reserved 1048576K
}
Event: 51188.584 GC heap before
{Heap before GC invocations=33 (full 0):
 garbage-first heap   total 477184K, used 382354K [0x00000000c1200000, 0x0000000100000000)
  region size 1024K, 279 young (285696K), 23 survivors (23552K)
 Metaspace       used 44288K, committed 44672K, reserved 1089536K
  class space    used 5701K, committed 5888K, reserved 1048576K
}
Event: 51188.704 GC heap after
{Heap after GC invocations=34 (full 0):
 garbage-first heap   total 477184K, used 138752K [0x00000000c1200000, 0x0000000100000000)
  region size 1024K, 34 young (34816K), 34 survivors (34816K)
 Metaspace       used 44288K, committed 44672K, reserved 1089536K
  class space    used 5701K, committed 5888K, reserved 1048576K
}
Event: 51195.261 GC heap before
{Heap before GC invocations=34 (full 0):
 garbage-first heap   total 477184K, used 370176K [0x00000000c1200000, 0x0000000100000000)
  region size 1024K, 261 young (267264K), 34 survivors (34816K)
 Metaspace       used 44425K, committed 44800K, reserved 1089536K
  class space    used 5711K, committed 5888K, reserved 1048576K
}
Event: 51195.907 GC heap after
{Heap after GC invocations=35 (full 0):
 garbage-first heap   total 477184K, used 150250K [0x00000000c1200000, 0x0000000100000000)
  region size 1024K, 29 young (29696K), 29 survivors (29696K)
 Metaspace       used 44425K, committed 44800K, reserved 1089536K
  class space    used 5711K, committed 5888K, reserved 1048576K
}
Event: 51196.006 GC heap before
{Heap before GC invocations=35 (full 0):
 garbage-first heap   total 477184K, used 150250K [0x00000000c1200000, 0x0000000100000000)
  region size 1024K, 30 young (30720K), 29 survivors (29696K)
 Metaspace       used 44425K, committed 44800K, reserved 1089536K
  class space    used 5711K, committed 5888K, reserved 1048576K
}
Event: 51196.216 GC heap after
{Heap after GC invocations=36 (full 0):
 garbage-first heap   total 477184K, used 152576K [0x00000000c1200000, 0x0000000100000000)
  region size 1024K, 2 young (2048K), 2 survivors (2048K)
 Metaspace       used 44425K, committed 44800K, reserved 1089536K
  class space    used 5711K, committed 5888K, reserved 1048576K
}
Event: 51198.484 GC heap before
{Heap before GC invocations=36 (full 0):
 garbage-first heap   total 477184K, used 386048K [0x00000000c1200000, 0x0000000100000000)
  region size 1024K, 230 young (235520K), 2 survivors (2048K)
 Metaspace       used 44426K, committed 44800K, reserved 1089536K
  class space    used 5711K, committed 5888K, reserved 1048576K
}

