# JRE version: OpenJDK Runtime Environment Temurin-17.0.5+8 (17.0.5+8) (build 17.0.5+8)
# Java VM: OpenJDK 64-Bit Server VM Temurin-17.0.5+8 (17.0.5+8, mixed mode, emulated-client, tiered, compressed oops, compressed class ptrs, g1 gc, windows-amd64)
GC Precious Log:
 CPUs: 4 total, 4 available
 Memory: 4017M
 Large Page Support: Disabled
 NUMA Support: Disabled
 Compressed Oops: Enabled (32-bit)
 Heap Region Size: 1M
 Heap Min Capacity: 8M
 Heap Initial Capacity: 64M
 Heap Max Capacity: 1006M
 Pre-touch: Disabled
 Parallel Workers: 4
 Concurrent Workers: 1
 Concurrent Refinement Workers: 4
 Periodic GC: Disabled
Heap:
 garbage-first heap   total 535552K, used 137672K [0x00000000c1200000, 0x0000000100000000)
  region size 1024K, 13 young (13312K), 13 survivors (13312K)
 Metaspace       used 44256K, committed 44672K, reserved 1089536K
  class space    used 5696K, committed 5888K, reserved 1048576K
GC Heap History (20 events):
Event: 8.738 GC heap after
{Heap after GC invocations=23 (full 0):
 garbage-first heap   total 305152K, used 72536K [0x00000000c1200000, 0x0000000100000000)
  region size 1024K, 4 young (4096K), 4 survivors (4096K)
 Metaspace       used 41170K, committed 41600K, reserved 1089536K
  class space    used 5265K, committed 5440K, reserved 1048576K
}
Event: 9.286 GC heap before
{Heap before GC invocations=24 (full 0):
 garbage-first heap   total 305152K, used 186200K [0x00000000c1200000, 0x0000000100000000)
  region size 1024K, 117 young (119808K), 4 survivors (4096K)
 Metaspace       used 44155K, committed 44544K, reserved 1089536K
  class space    used 5679K, committed 5824K, reserved 1048576K
}
Event: 9.311 GC heap after
{Heap after GC invocations=25 (full 0):
 garbage-first heap   total 305152K, used 77005K [0x00000000c1200000, 0x0000000100000000)
  region size 1024K, 10 young (10240K), 10 survivors (10240K)
 Metaspace       used 44155K, committed 44544K, reserved 1089536K
  class space    used 5679K, committed 5824K, reserved 1048576K
}
Event: 9.320 GC heap before
{Heap before GC invocations=25 (full 0):
 garbage-first heap   total 305152K, used 80077K [0x00000000c1200000, 0x0000000100000000)
  region size 1024K, 14 young (14336K), 10 survivors (10240K)
 Metaspace       used 44180K, committed 44544K, reserved 1089536K
  class space    used 5681K, committed 5824K, reserved 1048576K
}
Event: 9.349 GC heap after
{Heap after GC invocations=26 (full 0):
 garbage-first heap   total 305152K, used 77546K [0x00000000c1200000, 0x0000000100000000)
  region size 1024K, 2 young (2048K), 2 survivors (2048K)
 Metaspace       used 44180K, committed 44544K, reserved 1089536K
  class space    used 5681K, committed 5824K, reserved 1048576K
}
Event: 10.286 GC heap before
{Heap before GC invocations=26 (full 0):
 garbage-first heap   total 305152K, used 223978K [0x00000000c1200000, 0x0000000100000000)
  region size 1024K, 146 young (149504K), 2 survivors (2048K)
 Metaspace       used 44255K, committed 44672K, reserved 1089536K
  class space    used 5695K, committed 5888K, reserved 1048576K
}
Event: 10.321 GC heap after
{Heap after GC invocations=27 (full 0):
 garbage-first heap   total 305152K, used 82693K [0x00000000c1200000, 0x0000000100000000)
  region size 1024K, 7 young (7168K), 7 survivors (7168K)
 Metaspace       used 44255K, committed 44672K, reserved 1089536K
  class space    used 5695K, committed 5888K, reserved 1048576K
}
Event: 10.632 GC heap before
{Heap before GC invocations=27 (full 0):
 garbage-first heap   total 305152K, used 231173K [0x00000000c1200000, 0x0000000100000000)
  region size 1024K, 153 young (156672K), 7 survivors (7168K)
 Metaspace       used 44255K, committed 44672K, reserved 1089536K
  class space    used 5695K, committed 5888K, reserved 1048576K
}
Event: 10.657 GC heap after
{Heap after GC invocations=28 (full 0):
 garbage-first heap   total 305152K, used 88353K [0x00000000c1200000, 0x0000000100000000)
  region size 1024K, 12 young (12288K), 12 survivors (12288K)
 Metaspace       used 44255K, committed 44672K, reserved 1089536K
  class space    used 5695K, committed 5888K, reserved 1048576K
}
Event: 11.012 GC heap before
{Heap before GC invocations=28 (full 0):
 garbage-first heap   total 305152K, used 237857K [0x00000000c1200000, 0x0000000100000000)
  region size 1024K, 159 young (162816K), 12 survivors (12288K)
 Metaspace       used 44256K, committed 44672K, reserved 1089536K
  class space    used 5696K, committed 5888K, reserved 1048576K
}
Event: 11.051 GC heap after
{Heap after GC invocations=29 (full 0):
 garbage-first heap   total 305152K, used 94943K [0x00000000c1200000, 0x0000000100000000)
  region size 1024K, 13 young (13312K), 13 survivors (13312K)
 Metaspace       used 44256K, committed 44672K, reserved 1089536K
  class space    used 5696K, committed 5888K, reserved 1048576K
}
Event: 11.167 GC heap before
{Heap before GC invocations=29 (full 0):
 garbage-first heap   total 305152K, used 244447K [0x00000000c1200000, 0x0000000100000000)
  region size 1024K, 160 young (163840K), 13 survivors (13312K)
 Metaspace       used 44256K, committed 44672K, reserved 1089536K
  class space    used 5696K, committed 5888K, reserved 1048576K
}
Event: 11.194 GC heap after
{Heap after GC invocations=30 (full 0):
 garbage-first heap   total 535552K, used 101569K [0x00000000c1200000, 0x0000000100000000)
  region size 1024K, 13 young (13312K), 13 survivors (13312K)
 Metaspace       used 44256K, committed 44672K, reserved 1089536K
  class space    used 5696K, committed 5888K, reserved 1048576K
}
Event: 13.896 GC heap before
{Heap before GC invocations=30 (full 0):
 garbage-first heap   total 535552K, used 407745K [0x00000000c1200000, 0x0000000100000000)
  region size 1024K, 313 young (320512K), 13 survivors (13312K)
 Metaspace       used 44256K, committed 44672K, reserved 1089536K
  class space    used 5696K, committed 5888K, reserved 1048576K
}
Event: 14.213 GC heap after
{Heap after GC invocations=31 (full 0):
 garbage-first heap   total 535552K, used 112321K [0x00000000c1200000, 0x0000000100000000)
  region size 1024K, 24 young (24576K), 24 survivors (24576K)
 Metaspace       used 44256K, committed 44672K, reserved 1089536K
  class space    used 5696K, committed 5888K, reserved 1048576K
}
Event: 15.070 GC heap before
{Heap before GC invocations=31 (full 0):
 garbage-first heap   total 535552K, used 377537K [0x00000000c1200000, 0x0000000100000000)
  region size 1024K, 284 young (290816K), 24 survivors (24576K)
 Metaspace       used 44256K, committed 44672K, reserved 1089536K
  class space    used 5696K, committed 5888K, reserved 1048576K
}
Event: 15.544 GC heap after
{Heap after GC invocations=32 (full 0):
 garbage-first heap   total 535552K, used 124416K [0x00000000c1200000, 0x0000000100000000)
  region size 1024K, 30 young (30720K), 30 survivors (30720K)
 Metaspace       used 44256K, committed 44672K, reserved 1089536K
  class space    used 5696K, committed 5888K, reserved 1048576K
}
Event: 15.582 GC heap before
{Heap before GC invocations=32 (full 0):
 garbage-first heap   total 535552K, used 124416K [0x00000000c1200000, 0x0000000100000000)
  region size 1024K, 31 young (31744K), 30 survivors (30720K)
 Metaspace       used 44256K, committed 44672K, reserved 1089536K
  class space    used 5696K, committed 5888K, reserved 1048576K
}
Event: 15.769 GC heap after
{Heap after GC invocations=33 (full 0):
 garbage-first heap   total 535552K, used 126415K [0x00000000c1200000, 0x0000000100000000)
  region size 1024K, 2 young (2048K), 2 survivors (2048K)
 Metaspace       used 44256K, committed 44672K, reserved 1089536K
  class space    used 5696K, committed 5888K, reserved 1048576K
}
Event: 16.161 GC heap before
{Heap before GC invocations=33 (full 0):
 garbage-first heap   total 535552K, used 295375K [0x00000000c1200000, 0x0000000100000000)
  region size 1024K, 168 young (172032K), 2 survivors (2048K)
 Metaspace       used 44256K, committed 44672K, reserved 1089536K
  class space    used 5696K, committed 5888K, reserved 1048576K
}

